[09-Apr-2026 09:51:39 UTC] PHP Deprecated:  Array and string offset access syntax with curly braces is deprecated in /var/www/html/public/wp-includes/script-loader.php on line 757
[09-Apr-2026 09:51:39 UTC] PHP Deprecated:  Array and string offset access syntax with curly braces is deprecated in /var/www/html/public/wp-includes/script-loader.php on line 757
[09-Apr-2026 09:51:39 UTC] PHP Deprecated:  Array and string offset access syntax with curly braces is deprecated in /var/www/html/public/wp-includes/script-loader.php on line 758
[09-Apr-2026 09:51:39 UTC] PHP Deprecated:  Array and string offset access syntax with curly braces is deprecated in /var/www/html/public/wp-includes/script-loader.php on line 758
[09-Apr-2026 09:51:39 UTC] PHP Deprecated:  Function create_function() is deprecated in /var/www/html/public/wp-content/plugins/LayerSlider/wp/widgets.php on line 4
[09-Apr-2026 09:51:39 UTC] PHP Notice:  Undefined index: SERVER_NAME in /var/www/html/public/wp-content/plugins/LayerSlider/classes/class.km.autoupdate.v3.php on line 74
[09-Apr-2026 09:51:39 UTC] PHP Warning:  "continue" targeting switch is equivalent to "break". Did you mean to use "continue 2"? in /var/www/html/public/wp-content/plugins/revslider/includes/operations.class.php on line 2722
[09-Apr-2026 09:51:39 UTC] PHP Warning:  "continue" targeting switch is equivalent to "break". Did you mean to use "continue 2"? in /var/www/html/public/wp-content/plugins/revslider/includes/operations.class.php on line 2726
[09-Apr-2026 09:51:40 UTC] PHP Warning:  "continue" targeting switch is equivalent to "break". Did you mean to use "continue 2"? in /var/www/html/public/wp-content/plugins/revslider/includes/output.class.php on line 3624
[09-Apr-2026 09:51:40 UTC] PHP Deprecated:  Function create_function() is deprecated in /var/www/html/public/wp-content/plugins/revslider/includes/framework/functions-wordpress.class.php on line 258
[09-Apr-2026 09:51:40 UTC] PHP Deprecated:  Function get_magic_quotes_gpc() is deprecated in /var/www/html/public/wp-includes/load.php on line 926
[09-Apr-2026 09:51:40 UTC] PHP Deprecated:  Function get_magic_quotes_gpc() is deprecated in /var/www/html/public/wp-includes/formatting.php on line 4826
[09-Apr-2026 09:51:40 UTC] PHP Deprecated:  Function get_magic_quotes_gpc() is deprecated in /var/www/html/public/wp-includes/formatting.php on line 4826
[09-Apr-2026 09:51:40 UTC] PHP Notice:  Trying to access array offset on value of type bool in /var/www/html/public/wp-includes/theme.php on line 2360
[09-Apr-2026 09:51:40 UTC] PHP Deprecated:  Function get_magic_quotes_gpc() is deprecated in /var/www/html/public/wp-includes/formatting.php on line 4826
[09-Apr-2026 09:51:40 UTC] PHP Deprecated:  Function get_magic_quotes_gpc() is deprecated in /var/www/html/public/wp-includes/formatting.php on line 4826
[09-Apr-2026 09:51:40 UTC] PHP Deprecated:  Function get_magic_quotes_gpc() is deprecated in /var/www/html/public/wp-includes/formatting.php on line 4826
[09-Apr-2026 09:51:40 UTC] PHP Deprecated:  Function get_magic_quotes_gpc() is deprecated in /var/www/html/public/wp-includes/formatting.php on line 4826
[09-Apr-2026 09:51:40 UTC] PHP Deprecated:  Function get_magic_quotes_gpc() is deprecated in /var/www/html/public/wp-includes/formatting.php on line 4826
[09-Apr-2026 09:51:40 UTC] PHP Deprecated:  Function get_magic_quotes_gpc() is deprecated in /var/www/html/public/wp-includes/formatting.php on line 4826
[09-Apr-2026 09:51:40 UTC] PHP Deprecated:  Function get_magic_quotes_gpc() is deprecated in /var/www/html/public/wp-includes/formatting.php on line 4826
[09-Apr-2026 09:51:40 UTC] PHP Deprecated:  Unparenthesized `a ? b : c ? d : e` is deprecated. Use either `(a ? b : c) ? d : e` or `a ? b : (c ? d : e)` in /var/www/html/public/wp-content/plugins/js_composer/include/classes/editors/class-vc-frontend-editor.php on line 647
[09-Apr-2026 09:51:40 UTC] PHP Deprecated:  The each() function is deprecated. This message will be suppressed on further calls in /var/www/html/public/wp-content/plugins/js_composer/include/classes/core/class-vc-mapper.php on line 111
[09-Apr-2026 09:51:40 UTC] PHP Deprecated:  Function get_magic_quotes_gpc() is deprecated in /var/www/html/public/wp-includes/formatting.php on line 4826
[09-Apr-2026 09:51:40 UTC] PHP Deprecated:  Function get_magic_quotes_gpc() is deprecated in /var/www/html/public/wp-includes/formatting.php on line 4826
[09-Apr-2026 09:51:40 UTC] PHP Deprecated:  Function get_magic_quotes_gpc() is deprecated in /var/www/html/public/wp-includes/formatting.php on line 4826
[09-Apr-2026 09:51:40 UTC] PHP Deprecated:  Function get_magic_quotes_gpc() is deprecated in /var/www/html/public/wp-includes/formatting.php on line 4826
[09-Apr-2026 09:51:40 UTC] PHP Deprecated:  Function get_magic_quotes_gpc() is deprecated in /var/www/html/public/wp-includes/formatting.php on line 4826
[09-Apr-2026 09:51:40 UTC] PHP Deprecated:  Function get_magic_quotes_gpc() is deprecated in /var/www/html/public/wp-includes/formatting.php on line 4826
[09-Apr-2026 09:51:40 UTC] PHP Deprecated:  Function get_magic_quotes_gpc() is deprecated in /var/www/html/public/wp-includes/formatting.php on line 4826
[09-Apr-2026 09:51:40 UTC] PHP Deprecated:  Function get_magic_quotes_gpc() is deprecated in /var/www/html/public/wp-includes/formatting.php on line 4826
[09-Apr-2026 09:51:41 UTC] PHP Deprecated:  The behavior of unparenthesized expressions containing both '.' and '+'/'-' will change in PHP 8: '+'/'-' will take a higher precedence in /var/www/html/public/wp-admin/includes/class-wp-ajax-upgrader-skin.php on line 100
[09-Apr-2026 09:51:50 UTC] PHP Notice:  Undefined variable: data in /var/www/html/public/wp-content/plugins/LayerSlider/classes/class.km.autoupdate.v3.php on line 183
[09-Apr-2026 09:51:50 UTC] PHP Notice:  Trying to get property '_latest_version' of non-object in /var/www/html/public/wp-content/plugins/LayerSlider/classes/class.km.autoupdate.v3.php on line 183
[09-Apr-2026 09:52:16 UTC] PHP Deprecated:  Function create_function() is deprecated in /var/www/html/public/wp-content/plugins/LayerSlider/wp/widgets.php on line 4
[09-Apr-2026 09:52:16 UTC] PHP Notice:  Function _load_textdomain_just_in_time was called <strong>incorrectly</strong>. Translation loading for the <code>js_composer</code> domain was triggered too early. This is usually an indicator for some code in the plugin or theme running too early. Translations should be loaded at the <code>init</code> action or later. Please see <a href="https://developer.wordpress.org/advanced-administration/debug/debug-wordpress/">Debugging in WordPress</a> for more information. (This message was added in version 6.7.0.) in /var/www/html/public/wp-includes/functions.php on line 6131
[09-Apr-2026 09:52:16 UTC] PHP Deprecated:  Function create_function() is deprecated in /var/www/html/public/wp-content/plugins/revslider/includes/framework/functions-wordpress.class.php on line 258
[09-Apr-2026 09:52:16 UTC] PHP Notice:  Function _load_textdomain_just_in_time was called <strong>incorrectly</strong>. Translation loading for the <code>really-simple-ssl</code> domain was triggered too early. This is usually an indicator for some code in the plugin or theme running too early. Translations should be loaded at the <code>init</code> action or later. Please see <a href="https://developer.wordpress.org/advanced-administration/debug/debug-wordpress/">Debugging in WordPress</a> for more information. (This message was added in version 6.7.0.) in /var/www/html/public/wp-includes/functions.php on line 6131
[09-Apr-2026 09:52:16 UTC] PHP Notice:  Function _load_textdomain_just_in_time was called <strong>incorrectly</strong>. Translation loading for the <code>ml-slider</code> domain was triggered too early. This is usually an indicator for some code in the plugin or theme running too early. Translations should be loaded at the <code>init</code> action or later. Please see <a href="https://developer.wordpress.org/advanced-administration/debug/debug-wordpress/">Debugging in WordPress</a> for more information. (This message was added in version 6.7.0.) in /var/www/html/public/wp-includes/functions.php on line 6131
[09-Apr-2026 09:52:16 UTC] PHP Notice:  Function _load_textdomain_just_in_time was called <strong>incorrectly</strong>. Translation loading for the <code>mfn-opts</code> domain was triggered too early. This is usually an indicator for some code in the plugin or theme running too early. Translations should be loaded at the <code>init</code> action or later. Please see <a href="https://developer.wordpress.org/advanced-administration/debug/debug-wordpress/">Debugging in WordPress</a> for more information. (This message was added in version 6.7.0.) in /var/www/html/public/wp-includes/functions.php on line 6131
[09-Apr-2026 09:52:16 UTC] PHP Deprecated:  The each() function is deprecated. This message will be suppressed on further calls in /var/www/html/public/wp-content/plugins/js_composer/include/classes/core/class-vc-mapper.php on line 111
[09-Apr-2026 09:52:20 UTC] PHP Deprecated:  Function create_function() is deprecated in /var/www/html/public/wp-content/plugins/LayerSlider/wp/widgets.php on line 4
[09-Apr-2026 09:52:20 UTC] PHP Notice:  Undefined index: SERVER_NAME in /var/www/html/public/wp-content/plugins/LayerSlider/classes/class.km.autoupdate.v3.php on line 74
[09-Apr-2026 09:52:20 UTC] PHP Notice:  Function _load_textdomain_just_in_time was called <strong>incorrectly</strong>. Translation loading for the <code>js_composer</code> domain was triggered too early. This is usually an indicator for some code in the plugin or theme running too early. Translations should be loaded at the <code>init</code> action or later. Please see <a href="https://developer.wordpress.org/advanced-administration/debug/debug-wordpress/">Debugging in WordPress</a> for more information. (This message was added in version 6.7.0.) in /var/www/html/public/wp-includes/functions.php on line 6131
[09-Apr-2026 09:52:20 UTC] PHP Warning:  "continue" targeting switch is equivalent to "break". Did you mean to use "continue 2"? in /var/www/html/public/wp-content/plugins/revslider/includes/operations.class.php on line 2722
[09-Apr-2026 09:52:20 UTC] PHP Warning:  "continue" targeting switch is equivalent to "break". Did you mean to use "continue 2"? in /var/www/html/public/wp-content/plugins/revslider/includes/operations.class.php on line 2726
[09-Apr-2026 09:52:20 UTC] PHP Warning:  "continue" targeting switch is equivalent to "break". Did you mean to use "continue 2"? in /var/www/html/public/wp-content/plugins/revslider/includes/output.class.php on line 3624
[09-Apr-2026 09:52:20 UTC] PHP Deprecated:  Function create_function() is deprecated in /var/www/html/public/wp-content/plugins/revslider/includes/framework/functions-wordpress.class.php on line 258
[09-Apr-2026 09:52:20 UTC] PHP Notice:  Function _load_textdomain_just_in_time was called <strong>incorrectly</strong>. Translation loading for the <code>really-simple-ssl</code> domain was triggered too early. This is usually an indicator for some code in the plugin or theme running too early. Translations should be loaded at the <code>init</code> action or later. Please see <a href="https://developer.wordpress.org/advanced-administration/debug/debug-wordpress/">Debugging in WordPress</a> for more information. (This message was added in version 6.7.0.) in /var/www/html/public/wp-includes/functions.php on line 6131
[09-Apr-2026 09:52:20 UTC] PHP Notice:  Function _load_textdomain_just_in_time was called <strong>incorrectly</strong>. Translation loading for the <code>all-in-one-wp-migration</code> domain was triggered too early. This is usually an indicator for some code in the plugin or theme running too early. Translations should be loaded at the <code>init</code> action or later. Please see <a href="https://developer.wordpress.org/advanced-administration/debug/debug-wordpress/">Debugging in WordPress</a> for more information. (This message was added in version 6.7.0.) in /var/www/html/public/wp-includes/functions.php on line 6131
[09-Apr-2026 09:52:20 UTC] PHP Notice:  Function _load_textdomain_just_in_time was called <strong>incorrectly</strong>. Translation loading for the <code>ml-slider</code> domain was triggered too early. This is usually an indicator for some code in the plugin or theme running too early. Translations should be loaded at the <code>init</code> action or later. Please see <a href="https://developer.wordpress.org/advanced-administration/debug/debug-wordpress/">Debugging in WordPress</a> for more information. (This message was added in version 6.7.0.) in /var/www/html/public/wp-includes/functions.php on line 6131
[09-Apr-2026 09:52:20 UTC] PHP Notice:  Function _load_textdomain_just_in_time was called <strong>incorrectly</strong>. Translation loading for the <code>mfn-opts</code> domain was triggered too early. This is usually an indicator for some code in the plugin or theme running too early. Translations should be loaded at the <code>init</code> action or later. Please see <a href="https://developer.wordpress.org/advanced-administration/debug/debug-wordpress/">Debugging in WordPress</a> for more information. (This message was added in version 6.7.0.) in /var/www/html/public/wp-includes/functions.php on line 6131
[09-Apr-2026 09:52:21 UTC] PHP Deprecated:  Unparenthesized `a ? b : c ? d : e` is deprecated. Use either `(a ? b : c) ? d : e` or `a ? b : (c ? d : e)` in /var/www/html/public/wp-content/plugins/js_composer/include/classes/editors/class-vc-frontend-editor.php on line 647
[09-Apr-2026 09:52:21 UTC] PHP Deprecated:  The each() function is deprecated. This message will be suppressed on further calls in /var/www/html/public/wp-content/plugins/js_composer/include/classes/core/class-vc-mapper.php on line 111
[09-Apr-2026 09:52:22 UTC] PHP Notice:  Undefined variable: data in /var/www/html/public/wp-content/plugins/LayerSlider/classes/class.km.autoupdate.v3.php on line 183
[09-Apr-2026 09:52:22 UTC] PHP Notice:  Trying to get property '_latest_version' of non-object in /var/www/html/public/wp-content/plugins/LayerSlider/classes/class.km.autoupdate.v3.php on line 183
[09-Apr-2026 09:52:29 UTC] PHP Deprecated:  Function create_function() is deprecated in /var/www/html/public/wp-content/plugins/LayerSlider/wp/widgets.php on line 4
[09-Apr-2026 09:52:29 UTC] PHP Notice:  Function _load_textdomain_just_in_time was called <strong>incorrectly</strong>. Translation loading for the <code>js_composer</code> domain was triggered too early. This is usually an indicator for some code in the plugin or theme running too early. Translations should be loaded at the <code>init</code> action or later. Please see <a href="https://developer.wordpress.org/advanced-administration/debug/debug-wordpress/">Debugging in WordPress</a> for more information. (This message was added in version 6.7.0.) in /var/www/html/public/wp-includes/functions.php on line 6131
[09-Apr-2026 09:52:29 UTC] PHP Deprecated:  Function create_function() is deprecated in /var/www/html/public/wp-content/plugins/revslider/includes/framework/functions-wordpress.class.php on line 258
[09-Apr-2026 09:52:29 UTC] PHP Notice:  Function _load_textdomain_just_in_time was called <strong>incorrectly</strong>. Translation loading for the <code>really-simple-ssl</code> domain was triggered too early. This is usually an indicator for some code in the plugin or theme running too early. Translations should be loaded at the <code>init</code> action or later. Please see <a href="https://developer.wordpress.org/advanced-administration/debug/debug-wordpress/">Debugging in WordPress</a> for more information. (This message was added in version 6.7.0.) in /var/www/html/public/wp-includes/functions.php on line 6131
[09-Apr-2026 09:52:29 UTC] PHP Notice:  Function _load_textdomain_just_in_time was called <strong>incorrectly</strong>. Translation loading for the <code>ml-slider</code> domain was triggered too early. This is usually an indicator for some code in the plugin or theme running too early. Translations should be loaded at the <code>init</code> action or later. Please see <a href="https://developer.wordpress.org/advanced-administration/debug/debug-wordpress/">Debugging in WordPress</a> for more information. (This message was added in version 6.7.0.) in /var/www/html/public/wp-includes/functions.php on line 6131
[09-Apr-2026 09:52:29 UTC] PHP Notice:  Function _load_textdomain_just_in_time was called <strong>incorrectly</strong>. Translation loading for the <code>mfn-opts</code> domain was triggered too early. This is usually an indicator for some code in the plugin or theme running too early. Translations should be loaded at the <code>init</code> action or later. Please see <a href="https://developer.wordpress.org/advanced-administration/debug/debug-wordpress/">Debugging in WordPress</a> for more information. (This message was added in version 6.7.0.) in /var/www/html/public/wp-includes/functions.php on line 6131
[09-Apr-2026 09:52:29 UTC] PHP Deprecated:  The each() function is deprecated. This message will be suppressed on further calls in /var/www/html/public/wp-content/plugins/js_composer/include/classes/core/class-vc-mapper.php on line 111
[09-Apr-2026 09:52:36 UTC] PHP Deprecated:  Function create_function() is deprecated in /var/www/html/public/wp-content/plugins/LayerSlider/wp/widgets.php on line 4
[09-Apr-2026 09:52:36 UTC] PHP Notice:  Undefined index: SERVER_NAME in /var/www/html/public/wp-content/plugins/LayerSlider/classes/class.km.autoupdate.v3.php on line 74
[09-Apr-2026 09:52:36 UTC] PHP Notice:  Function _load_textdomain_just_in_time was called <strong>incorrectly</strong>. Translation loading for the <code>js_composer</code> domain was triggered too early. This is usually an indicator for some code in the plugin or theme running too early. Translations should be loaded at the <code>init</code> action or later. Please see <a href="https://developer.wordpress.org/advanced-administration/debug/debug-wordpress/">Debugging in WordPress</a> for more information. (This message was added in version 6.7.0.) in /var/www/html/public/wp-includes/functions.php on line 6131
[09-Apr-2026 09:52:36 UTC] PHP Warning:  "continue" targeting switch is equivalent to "break". Did you mean to use "continue 2"? in /var/www/html/public/wp-content/plugins/revslider/includes/operations.class.php on line 2722
[09-Apr-2026 09:52:36 UTC] PHP Warning:  "continue" targeting switch is equivalent to "break". Did you mean to use "continue 2"? in /var/www/html/public/wp-content/plugins/revslider/includes/operations.class.php on line 2726
[09-Apr-2026 09:52:36 UTC] PHP Warning:  "continue" targeting switch is equivalent to "break". Did you mean to use "continue 2"? in /var/www/html/public/wp-content/plugins/revslider/includes/output.class.php on line 3624
[09-Apr-2026 09:52:36 UTC] PHP Deprecated:  Function create_function() is deprecated in /var/www/html/public/wp-content/plugins/revslider/includes/framework/functions-wordpress.class.php on line 258
[09-Apr-2026 09:52:36 UTC] PHP Notice:  Function _load_textdomain_just_in_time was called <strong>incorrectly</strong>. Translation loading for the <code>really-simple-ssl</code> domain was triggered too early. This is usually an indicator for some code in the plugin or theme running too early. Translations should be loaded at the <code>init</code> action or later. Please see <a href="https://developer.wordpress.org/advanced-administration/debug/debug-wordpress/">Debugging in WordPress</a> for more information. (This message was added in version 6.7.0.) in /var/www/html/public/wp-includes/functions.php on line 6131
[09-Apr-2026 09:52:36 UTC] PHP Notice:  Function _load_textdomain_just_in_time was called <strong>incorrectly</strong>. Translation loading for the <code>all-in-one-wp-migration</code> domain was triggered too early. This is usually an indicator for some code in the plugin or theme running too early. Translations should be loaded at the <code>init</code> action or later. Please see <a href="https://developer.wordpress.org/advanced-administration/debug/debug-wordpress/">Debugging in WordPress</a> for more information. (This message was added in version 6.7.0.) in /var/www/html/public/wp-includes/functions.php on line 6131
[09-Apr-2026 09:52:37 UTC] PHP Notice:  Function _load_textdomain_just_in_time was called <strong>incorrectly</strong>. Translation loading for the <code>ml-slider</code> domain was triggered too early. This is usually an indicator for some code in the plugin or theme running too early. Translations should be loaded at the <code>init</code> action or later. Please see <a href="https://developer.wordpress.org/advanced-administration/debug/debug-wordpress/">Debugging in WordPress</a> for more information. (This message was added in version 6.7.0.) in /var/www/html/public/wp-includes/functions.php on line 6131
[09-Apr-2026 09:52:37 UTC] PHP Notice:  Function _load_textdomain_just_in_time was called <strong>incorrectly</strong>. Translation loading for the <code>mfn-opts</code> domain was triggered too early. This is usually an indicator for some code in the plugin or theme running too early. Translations should be loaded at the <code>init</code> action or later. Please see <a href="https://developer.wordpress.org/advanced-administration/debug/debug-wordpress/">Debugging in WordPress</a> for more information. (This message was added in version 6.7.0.) in /var/www/html/public/wp-includes/functions.php on line 6131
[09-Apr-2026 09:52:37 UTC] PHP Deprecated:  Unparenthesized `a ? b : c ? d : e` is deprecated. Use either `(a ? b : c) ? d : e` or `a ? b : (c ? d : e)` in /var/www/html/public/wp-content/plugins/js_composer/include/classes/editors/class-vc-frontend-editor.php on line 647
[09-Apr-2026 09:52:37 UTC] PHP Deprecated:  The each() function is deprecated. This message will be suppressed on further calls in /var/www/html/public/wp-content/plugins/js_composer/include/classes/core/class-vc-mapper.php on line 111
[09-Apr-2026 09:52:53 UTC] PHP Notice:  Undefined variable: data in /var/www/html/public/wp-content/plugins/LayerSlider/classes/class.km.autoupdate.v3.php on line 183
[09-Apr-2026 09:52:53 UTC] PHP Notice:  Trying to get property '_latest_version' of non-object in /var/www/html/public/wp-content/plugins/LayerSlider/classes/class.km.autoupdate.v3.php on line 183
[09-Apr-2026 09:52:54 UTC] PHP Deprecated:  Function create_function() is deprecated in /var/www/html/public/wp-content/plugins/LayerSlider/wp/widgets.php on line 4
[09-Apr-2026 09:52:54 UTC] PHP Notice:  Function _load_textdomain_just_in_time was called <strong>incorrectly</strong>. Translation loading for the <code>js_composer</code> domain was triggered too early. This is usually an indicator for some code in the plugin or theme running too early. Translations should be loaded at the <code>init</code> action or later. Please see <a href="https://developer.wordpress.org/advanced-administration/debug/debug-wordpress/">Debugging in WordPress</a> for more information. (This message was added in version 6.7.0.) in /var/www/html/public/wp-includes/functions.php on line 6131
[09-Apr-2026 09:52:54 UTC] PHP Deprecated:  Function create_function() is deprecated in /var/www/html/public/wp-content/plugins/revslider/includes/framework/functions-wordpress.class.php on line 258
[09-Apr-2026 09:52:54 UTC] PHP Notice:  Function _load_textdomain_just_in_time was called <strong>incorrectly</strong>. Translation loading for the <code>all-in-one-wp-migration</code> domain was triggered too early. This is usually an indicator for some code in the plugin or theme running too early. Translations should be loaded at the <code>init</code> action or later. Please see <a href="https://developer.wordpress.org/advanced-administration/debug/debug-wordpress/">Debugging in WordPress</a> for more information. (This message was added in version 6.7.0.) in /var/www/html/public/wp-includes/functions.php on line 6131
[09-Apr-2026 09:52:54 UTC] PHP Notice:  Function _load_textdomain_just_in_time was called <strong>incorrectly</strong>. Translation loading for the <code>mfn-opts</code> domain was triggered too early. This is usually an indicator for some code in the plugin or theme running too early. Translations should be loaded at the <code>init</code> action or later. Please see <a href="https://developer.wordpress.org/advanced-administration/debug/debug-wordpress/">Debugging in WordPress</a> for more information. (This message was added in version 6.7.0.) in /var/www/html/public/wp-includes/functions.php on line 6131
[09-Apr-2026 09:52:54 UTC] PHP Deprecated:  The each() function is deprecated. This message will be suppressed on further calls in /var/www/html/public/wp-content/plugins/js_composer/include/classes/core/class-vc-mapper.php on line 111
[09-Apr-2026 10:04:48 UTC] PHP Notice:  Function _load_textdomain_just_in_time was called <strong>incorrectly</strong>. Translation loading for the <code>mfn-opts</code> domain was triggered too early. This is usually an indicator for some code in the plugin or theme running too early. Translations should be loaded at the <code>init</code> action or later. Please see <a href="https://developer.wordpress.org/advanced-administration/debug/debug-wordpress/">Debugging in WordPress</a> for more information. (This message was added in version 6.7.0.) in /var/www/html/public/wp-includes/functions.php on line 6131
[09-Apr-2026 10:04:49 UTC] PHP Deprecated:  trim(): Passing null to parameter #1 ($string) of type string is deprecated in /var/www/html/public/wp-content/themes/betheme/functions/theme-functions.php on line 179
[09-Apr-2026 10:04:49 UTC] PHP Deprecated:  trim(): Passing null to parameter #1 ($string) of type string is deprecated in /var/www/html/public/wp-content/themes/betheme/functions/theme-functions.php on line 179
[09-Apr-2026 10:04:49 UTC] PHP Deprecated:  str_contains(): Passing null to parameter #1 ($haystack) of type string is deprecated in /var/www/html/public/wp-includes/shortcodes.php on line 246
[09-Apr-2026 10:04:49 UTC] PHP Deprecated:  trim(): Passing null to parameter #1 ($string) of type string is deprecated in /var/www/html/public/wp-content/themes/betheme/functions/theme-functions.php on line 179
[09-Apr-2026 10:04:49 UTC] PHP Deprecated:  trim(): Passing null to parameter #1 ($string) of type string is deprecated in /var/www/html/public/wp-content/themes/betheme/includes/header-top-area.php on line 88
[09-Apr-2026 10:04:49 UTC] PHP Deprecated:  str_contains(): Passing null to parameter #1 ($haystack) of type string is deprecated in /var/www/html/public/wp-includes/shortcodes.php on line 246
[09-Apr-2026 10:04:49 UTC] PHP Deprecated:  str_contains(): Passing null to parameter #1 ($haystack) of type string is deprecated in /var/www/html/public/wp-includes/shortcodes.php on line 246
[09-Apr-2026 10:04:49 UTC] PHP Deprecated:  trim(): Passing null to parameter #1 ($string) of type string is deprecated in /var/www/html/public/wp-content/themes/betheme/functions/theme-functions.php on line 179
[09-Apr-2026 10:04:49 UTC] PHP Deprecated:  trim(): Passing null to parameter #1 ($string) of type string is deprecated in /var/www/html/public/wp-content/themes/betheme/functions/theme-functions.php on line 179
[09-Apr-2026 10:04:49 UTC] PHP Deprecated:  str_contains(): Passing null to parameter #1 ($haystack) of type string is deprecated in /var/www/html/public/wp-includes/shortcodes.php on line 246
[09-Apr-2026 10:04:49 UTC] PHP Notice:  Function _load_textdomain_just_in_time was called <strong>incorrectly</strong>. Translation loading for the <code>mfn-opts</code> domain was triggered too early. This is usually an indicator for some code in the plugin or theme running too early. Translations should be loaded at the <code>init</code> action or later. Please see <a href="https://developer.wordpress.org/advanced-administration/debug/debug-wordpress/">Debugging in WordPress</a> for more information. (This message was added in version 6.7.0.) in /var/www/html/public/wp-includes/functions.php on line 6131
[09-Apr-2026 10:04:49 UTC] PHP Notice:  Function _load_textdomain_just_in_time was called <strong>incorrectly</strong>. Translation loading for the <code>mfn-opts</code> domain was triggered too early. This is usually an indicator for some code in the plugin or theme running too early. Translations should be loaded at the <code>init</code> action or later. Please see <a href="https://developer.wordpress.org/advanced-administration/debug/debug-wordpress/">Debugging in WordPress</a> for more information. (This message was added in version 6.7.0.) in /var/www/html/public/wp-includes/functions.php on line 6131
[09-Apr-2026 10:05:36 UTC] PHP Notice:  Function _load_textdomain_just_in_time was called <strong>incorrectly</strong>. Translation loading for the <code>mfn-opts</code> domain was triggered too early. This is usually an indicator for some code in the plugin or theme running too early. Translations should be loaded at the <code>init</code> action or later. Please see <a href="https://developer.wordpress.org/advanced-administration/debug/debug-wordpress/">Debugging in WordPress</a> for more information. (This message was added in version 6.7.0.) in /var/www/html/public/wp-includes/functions.php on line 6131
[09-Apr-2026 10:06:11 UTC] PHP Notice:  Function _load_textdomain_just_in_time was called <strong>incorrectly</strong>. Translation loading for the <code>mfn-opts</code> domain was triggered too early. This is usually an indicator for some code in the plugin or theme running too early. Translations should be loaded at the <code>init</code> action or later. Please see <a href="https://developer.wordpress.org/advanced-administration/debug/debug-wordpress/">Debugging in WordPress</a> for more information. (This message was added in version 6.7.0.) in /var/www/html/public/wp-includes/functions.php on line 6131
[09-Apr-2026 10:09:49 UTC] PHP Warning:  Trying to access array offset on value of type bool in /var/www/html/public/wp-content/themes/betheme/functions/theme-functions.php on line 1467
[09-Apr-2026 10:09:49 UTC] PHP Warning:  Trying to access array offset on value of type bool in /var/www/html/public/wp-content/themes/betheme/functions/theme-functions.php on line 1467
[09-Apr-2026 10:09:49 UTC] PHP Warning:  Trying to access array offset on value of type bool in /var/www/html/public/wp-content/themes/betheme/functions/theme-functions.php on line 1467
[09-Apr-2026 10:09:49 UTC] PHP Warning:  Trying to access array offset on value of type bool in /var/www/html/public/wp-content/themes/betheme/functions/theme-functions.php on line 1467
[09-Apr-2026 10:11:49 UTC] PHP Warning:  Trying to access array offset on value of type bool in /var/www/html/public/wp-content/themes/betheme/functions/theme-functions.php on line 1467
[09-Apr-2026 10:11:49 UTC] PHP Warning:  Trying to access array offset on value of type bool in /var/www/html/public/wp-content/themes/betheme/functions/theme-functions.php on line 1467
[09-Apr-2026 10:11:49 UTC] PHP Warning:  Trying to access array offset on value of type bool in /var/www/html/public/wp-content/themes/betheme/functions/theme-functions.php on line 1467
[09-Apr-2026 10:11:49 UTC] PHP Warning:  Trying to access array offset on value of type bool in /var/www/html/public/wp-content/themes/betheme/functions/theme-functions.php on line 1467
[09-Apr-2026 10:19:42 UTC] PHP Warning:  Trying to access array offset on value of type bool in /var/www/html/public/wp-content/themes/betheme/functions/theme-functions.php on line 1467
[09-Apr-2026 10:19:42 UTC] PHP Warning:  Trying to access array offset on value of type bool in /var/www/html/public/wp-content/themes/betheme/functions/theme-functions.php on line 1467
[09-Apr-2026 10:19:42 UTC] PHP Warning:  Trying to access array offset on value of type bool in /var/www/html/public/wp-content/themes/betheme/functions/theme-functions.php on line 1467
[09-Apr-2026 10:19:42 UTC] PHP Warning:  Trying to access array offset on value of type bool in /var/www/html/public/wp-content/themes/betheme/functions/theme-functions.php on line 1467
[09-Apr-2026 10:20:25 UTC] PHP Warning:  Undefined array key "HTTP_USER_AGENT" in /var/www/html/public/wp-content/themes/betheme/functions/theme-functions.php on line 466
